; DQD QG EWF W
;A
;ATP6.fa
;ATP8.fa
;B
;Bolagna
;COX1.fa
;COX2.fa
;COX3.fa
;CYTB.fa
;Ca
;Cat
;Catt
;DF[KDQOPp
;E
;F
;G
;NC_000845.fa
;NC_005089.fa
;NC_008944.fa
;NC_024511.fa
;ND1.fa
;ND2.fa
;ND3.fa
;ND4.fa
;ND4L.fa
;ND5.fa
;ND6.fa
;R
;TrnA.fa
;TrnC.fa
;TrnD.fa
;TrnE.fa
;TrnF.fa
;TrnG.fa
;TrnH.fa
;TrnI.fa
;TrnK.fa
;TrnL1.fa
;TrnL2.fa
;TrnM.fa
;TrnN.fa
;TrnP.fa
;TrnQ.fa
;TrnR.fa
;TrnS1.fa
;TrnS2.fa
;TrnT.fa
;TrnV.fa
;TrnW.fa
;TrnY.fa
;d QW Q
;dSD
;lrRNA.fa
;mt-Rnr1.fa
;mt-Rnr2.fa
;p!)pC
;srRNA.fa
;trnA.fa
;trnC.fa
;trnD.fa
;trnE.fa
;trnF.fa
;trnG.fa
;trnH.fa
;trnI.fa
;trnK.fa
;trnL1.fa
;trnL2.fa
;trnM.fa
;trnN.fa
;trnP.fa
;trnQ.fa
;trnR.fa
;trnS1.fa
;trnS2.fa
;trnT.fa
;trnV.fa
;trnW.fa
;trnY.fa
